-1.6
-encoding
UTF-8
-outxml
-showWeaveInfo
-verbose
-classpath
/home/pierre/.m2/repository/junit/junit/4.11/junit-4.11.jar:/home/pierre/.m2/repository/org/aspectj/aspectjrt/1.7.4/aspectjrt-1.7.4.jar:/home/pierre/.m2/repository/org/aspectj/aspectjweaver/1.7.4/aspectjweaver-1.7.4.jar:/home/pierre/.m2/repository/org/aspectj/aspectjtools/1.7.4/aspectjtools-1.7.4.jar:/home/pierre/git/tagl/cron4j-mvn/target/classes
-d
/home/pierre/git/tagl/cron4j-mvn/target/classes
/home/pierre/git/tagl/cron4j-mvn/src/main/java/it/sauronsoftware/cron4j/Predictor.java
/home/pierre/git/tagl/cron4j-mvn/src/main/java/it/sauronsoftware/cron4j/RunnableTask.java
/home/pierre/git/tagl/cron4j-mvn/src/main/java/it/sauronsoftware/cron4j/SchedulingPatternValidator.java
/home/pierre/git/tagl/cron4j-mvn/src/main/java/it/sauronsoftware/cron4j/Scheduler.java
/home/pierre/git/tagl/cron4j-mvn/src/main/java/it/sauronsoftware/cron4j/Task.java
/home/pierre/git/tagl/cron4j-mvn/src/main/java/it/sauronsoftware/cron4j/AlwaysTrueValueMatcher.java
/home/pierre/git/tagl/cron4j-mvn/src/main/java/it/sauronsoftware/cron4j/TaskCollector.java
/home/pierre/git/tagl/cron4j-mvn/src/main/java/it/sauronsoftware/cron4j/IntArrayValueMatcher.java
/home/pierre/git/tagl/cron4j-mvn/src/main/java/it/sauronsoftware/cron4j/TimerThread.java
/home/pierre/git/tagl/cron4j-mvn/src/main/java/it/sauronsoftware/cron4j/TaskExecutionContext.java
/home/pierre/git/tagl/cron4j-mvn/src/main/java/it/sauronsoftware/cron4j/TaskExecutor.java
/home/pierre/git/tagl/cron4j-mvn/src/main/java/it/sauronsoftware/cron4j/InvalidPatternException.java
/home/pierre/git/tagl/cron4j-mvn/src/main/java/it/sauronsoftware/cron4j/MemoryTaskCollector.java
/home/pierre/git/tagl/cron4j-mvn/src/main/java/it/sauronsoftware/cron4j/StaticMethodTask.java
/home/pierre/git/tagl/cron4j-mvn/src/main/java/it/sauronsoftware/cron4j/FileTaskCollector.java
/home/pierre/git/tagl/cron4j-mvn/src/main/java/it/sauronsoftware/cron4j/TaskTable.java
/home/pierre/git/tagl/cron4j-mvn/src/main/java/it/sauronsoftware/cron4j/DayOfMonthValueMatcher.java
/home/pierre/git/tagl/cron4j-mvn/src/main/java/it/sauronsoftware/cron4j/StreamBridge.java
/home/pierre/git/tagl/cron4j-mvn/src/main/java/it/sauronsoftware/cron4j/TaskExecutorListener.java
/home/pierre/git/tagl/cron4j-mvn/src/main/java/it/sauronsoftware/cron4j/SchedulerListener.java
/home/pierre/git/tagl/cron4j-mvn/src/main/java/it/sauronsoftware/cron4j/LauncherThread.java
/home/pierre/git/tagl/cron4j-mvn/src/main/java/it/sauronsoftware/cron4j/SchedulingPattern.java
/home/pierre/git/tagl/cron4j-mvn/src/main/java/it/sauronsoftware/cron4j/ProcessTask.java
/home/pierre/git/tagl/cron4j-mvn/src/main/java/it/sauronsoftware/cron4j/GUIDGenerator.java
/home/pierre/git/tagl/cron4j-mvn/src/main/java/it/sauronsoftware/cron4j/CronParser.java
/home/pierre/git/tagl/cron4j-mvn/src/main/java/it/sauronsoftware/cron4j/AspectTraceRun.java
/home/pierre/git/tagl/cron4j-mvn/src/main/java/it/sauronsoftware/cron4j/ValueMatcher.java
